Compiling the CXX compiler identification source file "CMakeCXXCompilerId.cpp" failed.
Compiler: /opt/rh/devtoolset-7/root/usr/share/doc/devtoolset-7-gcc-7.3.1 
Build flags: 
Id flags:  

The output was:
Permission denied


Compiling the CXX compiler identification source file "CMakeCXXCompilerId.cpp" failed.
Compiler: /opt/rh/devtoolset-7/root/usr/share/doc/devtoolset-7-gcc-7.3.1 
Build flags: 
Id flags: -c 

The output was:
Permission denied


Compiling the CXX compiler identification source file "CMakeCXXCompilerId.cpp" failed.
Compiler: /opt/rh/devtoolset-7/root/usr/share/doc/devtoolset-7-gcc-7.3.1 
Build flags: 
Id flags: --c++ 

The output was:
Permission denied


Compiling the CXX compiler identification source file "CMakeCXXCompilerId.cpp" failed.
Compiler: /opt/rh/devtoolset-7/root/usr/share/doc/devtoolset-7-gcc-7.3.1 
Build flags: 
Id flags: --ec++ 

The output was:
Permission denied


Compiling the CXX compiler identification source file "CMakeCXXCompilerId.cpp" failed.
Compiler: /opt/rh/devtoolset-7/root/usr/share/doc/devtoolset-7-gcc-7.3.1 
Build flags: 
Id flags: --target=arm-arm-none-eabi;-mcpu=cortex-m3 

The output was:
Permission denied


Compiling the CXX compiler identification source file "CMakeCXXCompilerId.cpp" failed.
Compiler: /opt/rh/devtoolset-7/root/usr/share/doc/devtoolset-7-gcc-7.3.1 
Build flags: 
Id flags:  

The output was:
Permission denied


Compiling the CXX compiler identification source file "CMakeCXXCompilerId.cpp" failed.
Compiler: /opt/rh/devtoolset-7/root/usr/share/doc/devtoolset-7-gcc-7.3.1 
Build flags: 
Id flags: -c 

The output was:
Permission denied


Compiling the CXX compiler identification source file "CMakeCXXCompilerId.cpp" failed.
Compiler: /opt/rh/devtoolset-7/root/usr/share/doc/devtoolset-7-gcc-7.3.1 
Build flags: 
Id flags: --c++ 

The output was:
Permission denied


Compiling the CXX compiler identification source file "CMakeCXXCompilerId.cpp" failed.
Compiler: /opt/rh/devtoolset-7/root/usr/share/doc/devtoolset-7-gcc-7.3.1 
Build flags: 
Id flags: --ec++ 

The output was:
Permission denied


Compiling the CXX compiler identification source file "CMakeCXXCompilerId.cpp" failed.
Compiler: /opt/rh/devtoolset-7/root/usr/share/doc/devtoolset-7-gcc-7.3.1 
Build flags: 
Id flags: --target=arm-arm-none-eabi;-mcpu=cortex-m3 

The output was:
Permission denied


Checking whether the CXX compiler is IAR using "" did not match "IAR .+ Compiler":
Checking whether the CXX compiler is IAR using "" did not match "IAR .+ Compiler":
Determining if the CXX compiler works failed with the following output:
Change Dir: /home/jjlay/dev/My_Server_Architech/cmake-build-debug-remote/CMakeFiles/CMakeTmp

Run Build Command(s):/usr/bin/make cmTC_c5ecd/fast && /usr/bin/make -f CMakeFiles/cmTC_c5ecd.dir/build.make CMakeFiles/cmTC_c5ecd.dir/build
make[1]: 进入目录“/home/jjlay/dev/My_Server_Architech/cmake-build-debug-remote/CMakeFiles/CMakeTmp”
Building CXX object CMakeFiles/cmTC_c5ecd.dir/testCXXCompiler.cxx.o
/opt/rh/devtoolset-7/root/usr/share/doc/devtoolset-7-gcc-7.3.1     -o CMakeFiles/cmTC_c5ecd.dir/testCXXCompiler.cxx.o -c /home/jjlay/dev/My_Server_Architech/cmake-build-debug-remote/CMakeFiles/CMakeTmp/testCXXCompiler.cxx
make[1]: execvp: /opt/rh/devtoolset-7/root/usr/share/doc/devtoolset-7-gcc-7.3.1: 权限不够
make[1]: *** [CMakeFiles/cmTC_c5ecd.dir/testCXXCompiler.cxx.o] 错误 127
make[1]: 离开目录“/home/jjlay/dev/My_Server_Architech/cmake-build-debug-remote/CMakeFiles/CMakeTmp”
make: *** [cmTC_c5ecd/fast] 错误 2



